<?xml version="1.0" encoding="UTF-8"?>
<testsuite name="com.bridgeLabz.ArithmeticTest" tests="1" skipped="0" failures="0" errors="0" timestamp="2020-04-23T04:59:46" hostname="LAPTOP-4IU1M5UJ" time="0.001">
  <properties/>
  <testcase name="givenTwoInput_WhenAdd_ShouldReturnSum" classname="com.bridgeLabz.ArithmeticTest" time="0.001"/>
  <system-out><![CDATA[]]></system-out>
  <system-err><![CDATA[]]></system-err>
</testsuite>
