<?xml version="1.0" encoding="UTF-8"?>
<testsuite name="com.bridgeLabz.ArithmeticTest" tests="4" skipped="0" failures="0" errors="0" timestamp="2020-04-23T05:20:49" hostname="LAPTOP-4IU1M5UJ" time="0.002">
  <properties/>
  <testcase name="givenTwoInput_WhenDiv_ShouldReturnDivision" classname="com.bridgeLabz.ArithmeticTest" time="0.001"/>
  <testcase name="givenTwoInput_WhenMulti_ShouldReturnMultiplication" classname="com.bridgeLabz.ArithmeticTest" time="0.0"/>
  <testcase name="givenTwoInput_WhenSub_ShouldReturnDifference" classname="com.bridgeLabz.ArithmeticTest" time="0.0"/>
  <testcase name="givenTwoInput_WhenAdd_ShouldReturnSum" classname="com.bridgeLabz.ArithmeticTest" time="0.0"/>
  <system-out><![CDATA[]]></system-out>
  <system-err><![CDATA[]]></system-err>
</testsuite>
